<?xml version="1.0" encoding="UTF-8"?>
<!-- Generated by org.testng.reporters.JUnitXMLReporter -->
<testsuite ignored="0" hostname="Gantis-MacBook-Air.local" failures="0" tests="4" name="Default test" time="34.574" errors="0" timestamp="2024-05-22T16:36:47 PDT">
  <testcase classname="org.avs.auto.fb.basePkg.InitiateBrowser" name="launchBrowser" time="3.25"/>
  <testcase classname="org.avs.auto.fb.testsPkg.LoginScenarios" name="tc001_validcreadentials" time="2.353"/>
  <testcase classname="org.avs.auto.fb.testsPkg.LoginScenarios" name="tc001_validcreadentials" time="22.501"/>
  <testcase classname="org.avs.auto.fb.testsPkg.LoginScenarios" name="tc001_validcreadentials" time="6.411"/>
</testsuite> <!-- Default test -->
