<?xml version="1.0" encoding="UTF-8"?>
<!-- Generated by org.testng.reporters.JUnitXMLReporter -->
<testsuite ignored="4" hostname="Gantis-MacBook-Air.local" failures="0" tests="1" name="Test" time="12.28" errors="0" timestamp="2024-05-20T11:01:36 PDT">
  <testcase classname="org.xyz.automation.fb.KeyBrdMouse" name="handleFrames" time="12.221"/>
  <testcase classname="org.xyz.automation.fb.KeyBrdMouse" name="handleMouse" time="0.0">
    <ignored/>
  </testcase> <!-- handleMouse -->
  <testcase classname="org.xyz.automation.fb.KeyBrdMouse" name="handleKeyboard" time="0.0">
    <ignored/>
  </testcase> <!-- handleKeyboard -->
  <testcase classname="org.xyz.automation.fb.KeyBrdMouse" name="riamoneyxfer" time="0.0">
    <ignored/>
  </testcase> <!-- riamoneyxfer -->
  <testcase classname="org.xyz.automation.fb.KeyBrdMouse" name="handleAlerts" time="0.0">
    <ignored/>
  </testcase> <!-- handleAlerts -->
</testsuite> <!-- Test -->
