<?xml version="1.0" encoding="UTF-8"?>
<testng-results ignored="0" total="1" passed="1" failed="0" skipped="0">
  <reporter-output>
  </reporter-output>
  <suite started-at="2024-05-23T09:48:40 PDT" name="Default suite" finished-at="2024-05-23T09:48:51 PDT" duration-ms="10927">
    <groups>
    </groups>
    <test started-at="2024-05-23T09:48:40 PDT" name="Default test" finished-at="2024-05-23T09:48:51 PDT" duration-ms="10927">
      <class name="org.avs.auto.fb.testsPkg.HeaderScenarios">
        <test-method is-config="true" signature="launchBrowser()[pri:0, instance:org.avs.auto.fb.testsPkg.HeaderScenarios@61001b64]" started-at="2024-05-23T09:48:40 PDT" name="launchBrowser" finished-at="2024-05-23T09:48:48 PDT" duration-ms="7846" status="PASS">
          <reporter-output>
          </reporter-output>
        </test-method> <!-- launchBrowser -->
        <test-method signature="tc001_clickInvestors()[pri:0, instance:org.avs.auto.fb.testsPkg.HeaderScenarios@61001b64]" started-at="2024-05-23T09:48:48 PDT" name="tc001_clickInvestors" finished-at="2024-05-23T09:48:51 PDT" duration-ms="3037" status="PASS">
          <reporter-output>
          </reporter-output>
        </test-method> <!-- tc001_clickInvestors -->
      </class> <!-- org.avs.auto.fb.testsPkg.HeaderScenarios -->
    </test> <!-- Default test -->
  </suite> <!-- Default suite -->
</testng-results>
