<?xml version="1.0" encoding="UTF-8"?>
<!-- Generated by org.testng.reporters.JUnitReportReporter -->
<testsuite hostname="Gantis-MacBook-Air.local" failures="0" tests="3" name="TestNGDemo.TestScenario3" time="0.013" errors="0" timestamp="2024-05-13T17:29:37 PDT" skipped="0">
  <testcase classname="TestNGDemo.TestScenario3" name="scenario3" time="0.010"/>
  <system-out/>
  <testcase classname="TestNGDemo.TestScenario3" name="scenario1" time="0.002"/>
  <system-out/>
  <testcase classname="TestNGDemo.TestScenario3" name="scenario2" time="0.001"/>
  <system-out/>
</testsuite> <!-- TestNGDemo.TestScenario3 -->
