<?xml version="1.0" encoding="UTF-8"?>
<!-- Generated by org.testng.reporters.JUnitReportReporter -->
<testsuite hostname="Gantis-MacBook-Air.local" failures="0" tests="5" name="org.xyz.automation.fb.KeyBrdMouse" time="12.221" errors="0" timestamp="2024-05-20T11:01:37 PDT" skipped="4">
  <testcase classname="org.xyz.automation.fb.KeyBrdMouse" name="handleFrames" time="12.221"/>
  <system-out/>
  <testcase classname="org.xyz.automation.fb.KeyBrdMouse" name="handleMouse">
    <skipped/>
  </testcase> <!-- handleMouse -->
  <system-out/>
  <testcase classname="org.xyz.automation.fb.KeyBrdMouse" name="handleKeyboard">
    <skipped/>
  </testcase> <!-- handleKeyboard -->
  <system-out/>
  <testcase classname="org.xyz.automation.fb.KeyBrdMouse" name="riamoneyxfer">
    <skipped/>
  </testcase> <!-- riamoneyxfer -->
  <system-out/>
  <testcase classname="org.xyz.automation.fb.KeyBrdMouse" name="handleAlerts">
    <skipped/>
  </testcase> <!-- handleAlerts -->
  <system-out/>
</testsuite> <!-- org.xyz.automation.fb.KeyBrdMouse -->
