<?xml version="1.0" encoding="UTF-8"?>
<!-- Generated by org.testng.reporters.JUnitReportReporter -->
<testsuite hostname="Gantis-MacBook-Air.local" failures="0" tests="2" name="org.xyz.automation.fb.FirstAutomation" time="7.498" errors="0" timestamp="2024-05-16T09:31:07 PDT" skipped="1">
  <testcase classname="org.xyz.automation.fb.FirstAutomation" name="signupFunction" time="7.498"/>
  <system-out/>
  <testcase classname="org.xyz.automation.fb.FirstAutomation" name="loginFunction">
    <skipped/>
  </testcase> <!-- loginFunction -->
  <system-out/>
</testsuite> <!-- org.xyz.automation.fb.FirstAutomation -->
