<?xml version="1.0" encoding="UTF-8"?>
<!-- Generated by org.testng.reporters.JUnitReportReporter -->
<testsuite hostname="Gantis-MacBook-Air.local" failures="0" tests="4" name="org.avs.auto.fb.testsPkg.LoginScenarios" time="34.515" errors="0" timestamp="2024-05-22T16:36:47 PDT" skipped="0">
  <testcase classname="org.avs.auto.fb.testsPkg.LoginScenarios" name="tc001_validcreadentials" time="22.501"/>
  <system-out/>
  <testcase classname="org.avs.auto.fb.testsPkg.LoginScenarios" name="launchBrowser" time="3.250"/>
  <system-out/>
  <testcase classname="org.avs.auto.fb.testsPkg.LoginScenarios" name="tc001_validcreadentials" time="2.353"/>
  <system-out/>
  <testcase classname="org.avs.auto.fb.testsPkg.LoginScenarios" name="tc001_validcreadentials" time="6.411"/>
  <system-out/>
</testsuite> <!-- org.avs.auto.fb.testsPkg.LoginScenarios -->
