<?xml version="1.0" encoding="UTF-8"?>
<!-- Generated by org.testng.reporters.JUnitReportReporter -->
<testsuite hostname="Gantis-MacBook-Air.local" failures="0" tests="2" name="org.avs.auto.fb.testsPkg.SignupScenarios" time="4.978" errors="0" timestamp="2024-05-22T09:15:57 PDT" skipped="0">
  <testcase classname="org.avs.auto.fb.testsPkg.SignupScenarios" name="launchBrowser" time="3.555"/>
  <system-out/>
  <testcase classname="org.avs.auto.fb.testsPkg.SignupScenarios" name="tc001_createnewaccount" time="1.423"/>
  <system-out/>
</testsuite> <!-- org.avs.auto.fb.testsPkg.SignupScenarios -->
