<?xml version="1.0" encoding="UTF-8"?>
<!-- Generated by org.testng.reporters.JUnitReportReporter -->
<testsuite hostname="Gantis-MacBook-Air.local" failures="0" tests="3" name="TestNGDemo.TestScenario2" time="0.003" errors="0" timestamp="2024-05-13T17:24:03 PDT" skipped="0">
  <testcase classname="TestNGDemo.TestScenario2" name="scenario2" time="0.001"/>
  <system-out/>
  <testcase classname="TestNGDemo.TestScenario2" name="scenario3" time="0.001"/>
  <system-out/>
  <testcase classname="TestNGDemo.TestScenario2" name="scenario1" time="0.001"/>
  <system-out/>
</testsuite> <!-- TestNGDemo.TestScenario2 -->
